<?xml version="1.0" encoding="UTF-8"?>
<!-- Generated by org.testng.reporters.JUnitXMLReporter -->
<testsuite ignored="0" hostname="KarthikaRaj" failures="0" tests="22" name="Default test" time="57.459" errors="0" timestamp="2022-11-30T23:25:18 EST">
  <testcase classname="testlayer.Your_Account_Test" name="TC119_Not_Yet_Shipped" time="1.779"/>
  <testcase classname="testlayer.Your_Account_Test" name="TC31_View_and_access_account_information" time="0.321"/>
  <testcase classname="testlayer.Your_Account_Test" name="TC32_Your_Account" time="0.391"/>
  <testcase classname="testlayer.Your_Account_Test" name="TC33_Your_Orders" time="0.84"/>
  <testcase classname="testlayer.Your_Account_Test" name="TC34_Login_and_security" time="1.182"/>
  <testcase classname="testlayer.Your_Account_Test" name="TC35_Prime" time="1.85"/>
  <testcase classname="testlayer.Your_Account_Test" name="TC36_Your_Addresses" time="0.934"/>
  <testcase classname="testlayer.Your_Account_Test" name="TC37_Your_Payments" time="1.127"/>
  <testcase classname="testlayer.Your_Account_Test" name="TC38_Gift_Cards" time="0.872"/>
  <testcase classname="testlayer.Your_Account_Test" name="TC39_Customer_service" time="0.894"/>
  <testcase classname="testlayer.Your_Account_Test" name="TC40_Digital_content_and_devices" time="1.023"/>
  <testcase classname="testlayer.Your_Account_Test" name="TC41_Email_alerts_messages_and_ads" time="0.85"/>
  <testcase classname="testlayer.Your_Account_Test" name="TC42_More_ways_to_pay" time="1.133"/>
  <testcase classname="testlayer.Your_Account_Test" name="TC43_Ordering_and_shopping_preferences" time="1.423"/>
  <testcase classname="testlayer.Your_Account_Test" name="TC44_Other_accounts" time="3.114"/>
  <testcase classname="testlayer.Your_Account_Test" name="TC45_Shopping_programs_and_rentals" time="0.755"/>
  <testcase classname="testlayer.Your_Account_Test" name="TC46_Subscriptions" time="0.848"/>
  <testcase classname="testlayer.Your_Account_Test" name="TC47_Data_and_Privacy" time="1.006"/>
  <testcase classname="testlayer.Your_Account_Test" name="TC48_Orders" time="1.397"/>
  <testcase classname="testlayer.Your_Account_Test" name="TC49_Orders_placed_in_past" time="0.908"/>
  <testcase classname="testlayer.Your_Account_Test" name="TC50_Buy_again" time="1.803"/>
  <testcase classname="testlayer.Your_Account_Test" name="TC51_Cancelled_Orders" time="1.641"/>
</testsuite> <!-- Default test -->
