<?xml version="1.0" encoding="UTF-8"?>
<testng-results ignored="0" total="22" passed="22" failed="0" skipped="0">
  <reporter-output>
  </reporter-output>
  <suite started-at="2022-11-30T23:24:21 EST" name="Default suite" finished-at="2022-11-30T23:25:18 EST" duration-ms="57459">
    <groups>
    </groups>
    <test started-at="2022-11-30T23:24:21 EST" name="Default test" finished-at="2022-11-30T23:25:18 EST" duration-ms="57459">
      <class name="testlayer.Your_Account_Test">
        <test-method is-config="true" signature="initial_setup()[pri:0, instance:testlayer.Your_Account_Test@50eac852]" started-at="2022-11-30T23:24:21 EST" name="initial_setup" finished-at="2022-11-30T23:24:24 EST" duration-ms="3350" status="PASS">
          <reporter-output>
          </reporter-output>
        </test-method> <!-- initial_setup -->
        <test-method is-config="true" signature="refresh()[pri:0, instance:testlayer.Your_Account_Test@50eac852]" started-at="2022-11-30T23:24:24 EST" name="refresh" finished-at="2022-11-30T23:24:26 EST" duration-ms="1872" status="PASS">
          <reporter-output>
          </reporter-output>
        </test-method> <!-- refresh -->
        <test-method signature="TC119_Not_Yet_Shipped()[pri:0, instance:testlayer.Your_Account_Test@50eac852]" started-at="2022-11-30T23:24:26 EST" name="TC119_Not_Yet_Shipped" finished-at="2022-11-30T23:24:28 EST" duration-ms="1779" status="PASS">
          <reporter-output>
          </reporter-output>
        </test-method> <!-- TC119_Not_Yet_Shipped -->
        <test-method is-config="true" signature="screenshots()[pri:0, instance:testlayer.Your_Account_Test@50eac852]" started-at="2022-11-30T23:24:28 EST" name="screenshots" finished-at="2022-11-30T23:24:28 EST" duration-ms="150" status="PASS">
          <reporter-output>
          </reporter-output>
        </test-method> <!-- screenshots -->
        <test-method is-config="true" signature="refresh()[pri:0, instance:testlayer.Your_Account_Test@50eac852]" started-at="2022-11-30T23:24:28 EST" name="refresh" finished-at="2022-11-30T23:24:28 EST" duration-ms="124" status="PASS">
          <reporter-output>
          </reporter-output>
        </test-method> <!-- refresh -->
        <test-method signature="TC31_View_and_access_account_information()[pri:0, instance:testlayer.Your_Account_Test@50eac852]" started-at="2022-11-30T23:24:28 EST" name="TC31_View_and_access_account_information" finished-at="2022-11-30T23:24:28 EST" duration-ms="321" status="PASS">
          <reporter-output>
          </reporter-output>
        </test-method> <!-- TC31_View_and_access_account_information -->
        <test-method is-config="true" signature="screenshots()[pri:0, instance:testlayer.Your_Account_Test@50eac852]" started-at="2022-11-30T23:24:28 EST" name="screenshots" finished-at="2022-11-30T23:24:28 EST" duration-ms="189" status="PASS">
          <reporter-output>
          </reporter-output>
        </test-method> <!-- screenshots -->
        <test-method is-config="true" signature="refresh()[pri:0, instance:testlayer.Your_Account_Test@50eac852]" started-at="2022-11-30T23:24:28 EST" name="refresh" finished-at="2022-11-30T23:24:29 EST" duration-ms="143" status="PASS">
          <reporter-output>
          </reporter-output>
        </test-method> <!-- refresh -->
        <test-method signature="TC32_Your_Account()[pri:0, instance:testlayer.Your_Account_Test@50eac852]" started-at="2022-11-30T23:24:29 EST" name="TC32_Your_Account" finished-at="2022-11-30T23:24:29 EST" duration-ms="391" status="PASS">
          <reporter-output>
          </reporter-output>
        </test-method> <!-- TC32_Your_Account -->
        <test-method is-config="true" signature="screenshots()[pri:0, instance:testlayer.Your_Account_Test@50eac852]" started-at="2022-11-30T23:24:29 EST" name="screenshots" finished-at="2022-11-30T23:24:29 EST" duration-ms="194" status="PASS">
          <reporter-output>
          </reporter-output>
        </test-method> <!-- screenshots -->
        <test-method is-config="true" signature="refresh()[pri:0, instance:testlayer.Your_Account_Test@50eac852]" started-at="2022-11-30T23:24:29 EST" name="refresh" finished-at="2022-11-30T23:24:29 EST" duration-ms="139" status="PASS">
          <reporter-output>
          </reporter-output>
        </test-method> <!-- refresh -->
        <test-method signature="TC33_Your_Orders()[pri:0, instance:testlayer.Your_Account_Test@50eac852]" started-at="2022-11-30T23:24:29 EST" name="TC33_Your_Orders" finished-at="2022-11-30T23:24:30 EST" duration-ms="840" status="PASS">
          <reporter-output>
          </reporter-output>
        </test-method> <!-- TC33_Your_Orders -->
        <test-method is-config="true" signature="screenshots()[pri:0, instance:testlayer.Your_Account_Test@50eac852]" started-at="2022-11-30T23:24:30 EST" name="screenshots" finished-at="2022-11-30T23:24:30 EST" duration-ms="173" status="PASS">
          <reporter-output>
          </reporter-output>
        </test-method> <!-- screenshots -->
        <test-method is-config="true" signature="refresh()[pri:0, instance:testlayer.Your_Account_Test@50eac852]" started-at="2022-11-30T23:24:30 EST" name="refresh" finished-at="2022-11-30T23:24:30 EST" duration-ms="143" status="PASS">
          <reporter-output>
          </reporter-output>
        </test-method> <!-- refresh -->
        <test-method signature="TC34_Login_and_security()[pri:0, instance:testlayer.Your_Account_Test@50eac852]" started-at="2022-11-30T23:24:30 EST" name="TC34_Login_and_security" finished-at="2022-11-30T23:24:32 EST" duration-ms="1182" status="PASS">
          <reporter-output>
          </reporter-output>
        </test-method> <!-- TC34_Login_and_security -->
        <test-method is-config="true" signature="screenshots()[pri:0, instance:testlayer.Your_Account_Test@50eac852]" started-at="2022-11-30T23:24:32 EST" name="screenshots" finished-at="2022-11-30T23:24:32 EST" duration-ms="175" status="PASS">
          <reporter-output>
          </reporter-output>
        </test-method> <!-- screenshots -->
        <test-method is-config="true" signature="refresh()[pri:0, instance:testlayer.Your_Account_Test@50eac852]" started-at="2022-11-30T23:24:32 EST" name="refresh" finished-at="2022-11-30T23:24:32 EST" duration-ms="142" status="PASS">
          <reporter-output>
          </reporter-output>
        </test-method> <!-- refresh -->
        <test-method signature="TC35_Prime()[pri:0, instance:testlayer.Your_Account_Test@50eac852]" started-at="2022-11-30T23:24:32 EST" name="TC35_Prime" finished-at="2022-11-30T23:24:34 EST" duration-ms="1850" status="PASS">
          <reporter-output>
          </reporter-output>
        </test-method> <!-- TC35_Prime -->
        <test-method is-config="true" signature="screenshots()[pri:0, instance:testlayer.Your_Account_Test@50eac852]" started-at="2022-11-30T23:24:34 EST" name="screenshots" finished-at="2022-11-30T23:24:34 EST" duration-ms="360" status="PASS">
          <reporter-output>
          </reporter-output>
        </test-method> <!-- screenshots -->
        <test-method is-config="true" signature="refresh()[pri:0, instance:testlayer.Your_Account_Test@50eac852]" started-at="2022-11-30T23:24:34 EST" name="refresh" finished-at="2022-11-30T23:24:34 EST" duration-ms="131" status="PASS">
          <reporter-output>
          </reporter-output>
        </test-method> <!-- refresh -->
        <test-method signature="TC36_Your_Addresses()[pri:0, instance:testlayer.Your_Account_Test@50eac852]" started-at="2022-11-30T23:24:34 EST" name="TC36_Your_Addresses" finished-at="2022-11-30T23:24:35 EST" duration-ms="934" status="PASS">
          <reporter-output>
          </reporter-output>
        </test-method> <!-- TC36_Your_Addresses -->
        <test-method is-config="true" signature="screenshots()[pri:0, instance:testlayer.Your_Account_Test@50eac852]" started-at="2022-11-30T23:24:35 EST" name="screenshots" finished-at="2022-11-30T23:24:35 EST" duration-ms="180" status="PASS">
          <reporter-output>
          </reporter-output>
        </test-method> <!-- screenshots -->
        <test-method is-config="true" signature="refresh()[pri:0, instance:testlayer.Your_Account_Test@50eac852]" started-at="2022-11-30T23:24:35 EST" name="refresh" finished-at="2022-11-30T23:24:36 EST" duration-ms="136" status="PASS">
          <reporter-output>
          </reporter-output>
        </test-method> <!-- refresh -->
        <test-method signature="TC37_Your_Payments()[pri:0, instance:testlayer.Your_Account_Test@50eac852]" started-at="2022-11-30T23:24:36 EST" name="TC37_Your_Payments" finished-at="2022-11-30T23:24:37 EST" duration-ms="1127" status="PASS">
          <reporter-output>
          </reporter-output>
        </test-method> <!-- TC37_Your_Payments -->
        <test-method is-config="true" signature="screenshots()[pri:0, instance:testlayer.Your_Account_Test@50eac852]" started-at="2022-11-30T23:24:37 EST" name="screenshots" finished-at="2022-11-30T23:24:37 EST" duration-ms="174" status="PASS">
          <reporter-output>
          </reporter-output>
        </test-method> <!-- screenshots -->
        <test-method is-config="true" signature="refresh()[pri:0, instance:testlayer.Your_Account_Test@50eac852]" started-at="2022-11-30T23:24:37 EST" name="refresh" finished-at="2022-11-30T23:24:37 EST" duration-ms="139" status="PASS">
          <reporter-output>
          </reporter-output>
        </test-method> <!-- refresh -->
        <test-method signature="TC38_Gift_Cards()[pri:0, instance:testlayer.Your_Account_Test@50eac852]" started-at="2022-11-30T23:24:37 EST" name="TC38_Gift_Cards" finished-at="2022-11-30T23:24:38 EST" duration-ms="872" status="PASS">
          <reporter-output>
          </reporter-output>
        </test-method> <!-- TC38_Gift_Cards -->
        <test-method is-config="true" signature="screenshots()[pri:0, instance:testlayer.Your_Account_Test@50eac852]" started-at="2022-11-30T23:24:38 EST" name="screenshots" finished-at="2022-11-30T23:24:38 EST" duration-ms="185" status="PASS">
          <reporter-output>
          </reporter-output>
        </test-method> <!-- screenshots -->
        <test-method is-config="true" signature="refresh()[pri:0, instance:testlayer.Your_Account_Test@50eac852]" started-at="2022-11-30T23:24:38 EST" name="refresh" finished-at="2022-11-30T23:24:38 EST" duration-ms="151" status="PASS">
          <reporter-output>
          </reporter-output>
        </test-method> <!-- refresh -->
        <test-method signature="TC39_Customer_service()[pri:0, instance:testlayer.Your_Account_Test@50eac852]" started-at="2022-11-30T23:24:38 EST" name="TC39_Customer_service" finished-at="2022-11-30T23:24:39 EST" duration-ms="894" status="PASS">
          <reporter-output>
          </reporter-output>
        </test-method> <!-- TC39_Customer_service -->
        <test-method is-config="true" signature="screenshots()[pri:0, instance:testlayer.Your_Account_Test@50eac852]" started-at="2022-11-30T23:24:39 EST" name="screenshots" finished-at="2022-11-30T23:24:39 EST" duration-ms="203" status="PASS">
          <reporter-output>
          </reporter-output>
        </test-method> <!-- screenshots -->
        <test-method is-config="true" signature="refresh()[pri:0, instance:testlayer.Your_Account_Test@50eac852]" started-at="2022-11-30T23:24:39 EST" name="refresh" finished-at="2022-11-30T23:24:39 EST" duration-ms="137" status="PASS">
          <reporter-output>
          </reporter-output>
        </test-method> <!-- refresh -->
        <test-method signature="TC40_Digital_content_and_devices()[pri:0, instance:testlayer.Your_Account_Test@50eac852]" started-at="2022-11-30T23:24:39 EST" name="TC40_Digital_content_and_devices" finished-at="2022-11-30T23:24:40 EST" duration-ms="1023" status="PASS">
          <reporter-output>
          </reporter-output>
        </test-method> <!-- TC40_Digital_content_and_devices -->
        <test-method is-config="true" signature="screenshots()[pri:0, instance:testlayer.Your_Account_Test@50eac852]" started-at="2022-11-30T23:24:40 EST" name="screenshots" finished-at="2022-11-30T23:24:41 EST" duration-ms="166" status="PASS">
          <reporter-output>
          </reporter-output>
        </test-method> <!-- screenshots -->
        <test-method is-config="true" signature="refresh()[pri:0, instance:testlayer.Your_Account_Test@50eac852]" started-at="2022-11-30T23:24:41 EST" name="refresh" finished-at="2022-11-30T23:24:41 EST" duration-ms="166" status="PASS">
          <reporter-output>
          </reporter-output>
        </test-method> <!-- refresh -->
        <test-method signature="TC41_Email_alerts_messages_and_ads()[pri:0, instance:testlayer.Your_Account_Test@50eac852]" started-at="2022-11-30T23:24:41 EST" name="TC41_Email_alerts_messages_and_ads" finished-at="2022-11-30T23:24:42 EST" duration-ms="850" status="PASS">
          <reporter-output>
          </reporter-output>
        </test-method> <!-- TC41_Email_alerts_messages_and_ads -->
        <test-method is-config="true" signature="screenshots()[pri:0, instance:testlayer.Your_Account_Test@50eac852]" started-at="2022-11-30T23:24:42 EST" name="screenshots" finished-at="2022-11-30T23:24:42 EST" duration-ms="171" status="PASS">
          <reporter-output>
          </reporter-output>
        </test-method> <!-- screenshots -->
        <test-method is-config="true" signature="refresh()[pri:0, instance:testlayer.Your_Account_Test@50eac852]" started-at="2022-11-30T23:24:42 EST" name="refresh" finished-at="2022-11-30T23:24:42 EST" duration-ms="132" status="PASS">
          <reporter-output>
          </reporter-output>
        </test-method> <!-- refresh -->
        <test-method signature="TC42_More_ways_to_pay()[pri:0, instance:testlayer.Your_Account_Test@50eac852]" started-at="2022-11-30T23:24:42 EST" name="TC42_More_ways_to_pay" finished-at="2022-11-30T23:24:43 EST" duration-ms="1133" status="PASS">
          <reporter-output>
          </reporter-output>
        </test-method> <!-- TC42_More_ways_to_pay -->
        <test-method is-config="true" signature="screenshots()[pri:0, instance:testlayer.Your_Account_Test@50eac852]" started-at="2022-11-30T23:24:43 EST" name="screenshots" finished-at="2022-11-30T23:24:43 EST" duration-ms="278" status="PASS">
          <reporter-output>
          </reporter-output>
        </test-method> <!-- screenshots -->
        <test-method is-config="true" signature="refresh()[pri:0, instance:testlayer.Your_Account_Test@50eac852]" started-at="2022-11-30T23:24:43 EST" name="refresh" finished-at="2022-11-30T23:24:44 EST" duration-ms="149" status="PASS">
          <reporter-output>
          </reporter-output>
        </test-method> <!-- refresh -->
        <test-method signature="TC43_Ordering_and_shopping_preferences()[pri:0, instance:testlayer.Your_Account_Test@50eac852]" started-at="2022-11-30T23:24:44 EST" name="TC43_Ordering_and_shopping_preferences" finished-at="2022-11-30T23:24:45 EST" duration-ms="1423" status="PASS">
          <reporter-output>
          </reporter-output>
        </test-method> <!-- TC43_Ordering_and_shopping_preferences -->
        <test-method is-config="true" signature="screenshots()[pri:0, instance:testlayer.Your_Account_Test@50eac852]" started-at="2022-11-30T23:24:45 EST" name="screenshots" finished-at="2022-11-30T23:24:45 EST" duration-ms="157" status="PASS">
          <reporter-output>
          </reporter-output>
        </test-method> <!-- screenshots -->
        <test-method is-config="true" signature="refresh()[pri:0, instance:testlayer.Your_Account_Test@50eac852]" started-at="2022-11-30T23:24:45 EST" name="refresh" finished-at="2022-11-30T23:24:45 EST" duration-ms="146" status="PASS">
          <reporter-output>
          </reporter-output>
        </test-method> <!-- refresh -->
        <test-method signature="TC44_Other_accounts()[pri:0, instance:testlayer.Your_Account_Test@50eac852]" started-at="2022-11-30T23:24:45 EST" name="TC44_Other_accounts" finished-at="2022-11-30T23:24:48 EST" duration-ms="3114" status="PASS">
          <reporter-output>
          </reporter-output>
        </test-method> <!-- TC44_Other_accounts -->
        <test-method is-config="true" signature="screenshots()[pri:0, instance:testlayer.Your_Account_Test@50eac852]" started-at="2022-11-30T23:24:48 EST" name="screenshots" finished-at="2022-11-30T23:24:49 EST" duration-ms="178" status="PASS">
          <reporter-output>
          </reporter-output>
        </test-method> <!-- screenshots -->
        <test-method is-config="true" signature="refresh()[pri:0, instance:testlayer.Your_Account_Test@50eac852]" started-at="2022-11-30T23:24:49 EST" name="refresh" finished-at="2022-11-30T23:24:49 EST" duration-ms="138" status="PASS">
          <reporter-output>
          </reporter-output>
        </test-method> <!-- refresh -->
        <test-method signature="TC45_Shopping_programs_and_rentals()[pri:0, instance:testlayer.Your_Account_Test@50eac852]" started-at="2022-11-30T23:24:49 EST" name="TC45_Shopping_programs_and_rentals" finished-at="2022-11-30T23:24:49 EST" duration-ms="755" status="PASS">
          <reporter-output>
          </reporter-output>
        </test-method> <!-- TC45_Shopping_programs_and_rentals -->
        <test-method is-config="true" signature="screenshots()[pri:0, instance:testlayer.Your_Account_Test@50eac852]" started-at="2022-11-30T23:24:49 EST" name="screenshots" finished-at="2022-11-30T23:24:50 EST" duration-ms="170" status="PASS">
          <reporter-output>
          </reporter-output>
        </test-method> <!-- screenshots -->
        <test-method is-config="true" signature="refresh()[pri:0, instance:testlayer.Your_Account_Test@50eac852]" started-at="2022-11-30T23:24:50 EST" name="refresh" finished-at="2022-11-30T23:24:50 EST" duration-ms="149" status="PASS">
          <reporter-output>
          </reporter-output>
        </test-method> <!-- refresh -->
        <test-method signature="TC46_Subscriptions()[pri:0, instance:testlayer.Your_Account_Test@50eac852]" started-at="2022-11-30T23:24:50 EST" name="TC46_Subscriptions" finished-at="2022-11-30T23:24:51 EST" duration-ms="848" status="PASS">
          <reporter-output>
          </reporter-output>
        </test-method> <!-- TC46_Subscriptions -->
        <test-method is-config="true" signature="screenshots()[pri:0, instance:testlayer.Your_Account_Test@50eac852]" started-at="2022-11-30T23:24:51 EST" name="screenshots" finished-at="2022-11-30T23:24:51 EST" duration-ms="176" status="PASS">
          <reporter-output>
          </reporter-output>
        </test-method> <!-- screenshots -->
        <test-method is-config="true" signature="refresh()[pri:0, instance:testlayer.Your_Account_Test@50eac852]" started-at="2022-11-30T23:24:51 EST" name="refresh" finished-at="2022-11-30T23:24:51 EST" duration-ms="137" status="PASS">
          <reporter-output>
          </reporter-output>
        </test-method> <!-- refresh -->
        <test-method signature="TC47_Data_and_Privacy()[pri:0, instance:testlayer.Your_Account_Test@50eac852]" started-at="2022-11-30T23:24:51 EST" name="TC47_Data_and_Privacy" finished-at="2022-11-30T23:24:52 EST" duration-ms="1006" status="PASS">
          <reporter-output>
          </reporter-output>
        </test-method> <!-- TC47_Data_and_Privacy -->
        <test-method is-config="true" signature="screenshots()[pri:0, instance:testlayer.Your_Account_Test@50eac852]" started-at="2022-11-30T23:24:52 EST" name="screenshots" finished-at="2022-11-30T23:24:52 EST" duration-ms="190" status="PASS">
          <reporter-output>
          </reporter-output>
        </test-method> <!-- screenshots -->
        <test-method is-config="true" signature="refresh()[pri:0, instance:testlayer.Your_Account_Test@50eac852]" started-at="2022-11-30T23:24:52 EST" name="refresh" finished-at="2022-11-30T23:24:52 EST" duration-ms="123" status="PASS">
          <reporter-output>
          </reporter-output>
        </test-method> <!-- refresh -->
        <test-method signature="TC48_Orders()[pri:0, instance:testlayer.Your_Account_Test@50eac852]" started-at="2022-11-30T23:24:52 EST" name="TC48_Orders" finished-at="2022-11-30T23:24:54 EST" duration-ms="1397" status="PASS">
          <reporter-output>
          </reporter-output>
        </test-method> <!-- TC48_Orders -->
        <test-method is-config="true" signature="screenshots()[pri:0, instance:testlayer.Your_Account_Test@50eac852]" started-at="2022-11-30T23:24:54 EST" name="screenshots" finished-at="2022-11-30T23:24:54 EST" duration-ms="175" status="PASS">
          <reporter-output>
          </reporter-output>
        </test-method> <!-- screenshots -->
        <test-method is-config="true" signature="refresh()[pri:0, instance:testlayer.Your_Account_Test@50eac852]" started-at="2022-11-30T23:24:54 EST" name="refresh" finished-at="2022-11-30T23:24:54 EST" duration-ms="135" status="PASS">
          <reporter-output>
          </reporter-output>
        </test-method> <!-- refresh -->
        <test-method signature="TC49_Orders_placed_in_past()[pri:0, instance:testlayer.Your_Account_Test@50eac852]" started-at="2022-11-30T23:24:54 EST" name="TC49_Orders_placed_in_past" finished-at="2022-11-30T23:24:55 EST" duration-ms="908" status="PASS">
          <reporter-output>
          </reporter-output>
        </test-method> <!-- TC49_Orders_placed_in_past -->
        <test-method is-config="true" signature="screenshots()[pri:0, instance:testlayer.Your_Account_Test@50eac852]" started-at="2022-11-30T23:24:55 EST" name="screenshots" finished-at="2022-11-30T23:24:55 EST" duration-ms="171" status="PASS">
          <reporter-output>
          </reporter-output>
        </test-method> <!-- screenshots -->
        <test-method is-config="true" signature="refresh()[pri:0, instance:testlayer.Your_Account_Test@50eac852]" started-at="2022-11-30T23:24:55 EST" name="refresh" finished-at="2022-11-30T23:24:55 EST" duration-ms="120" status="PASS">
          <reporter-output>
          </reporter-output>
        </test-method> <!-- refresh -->
        <test-method signature="TC50_Buy_again()[pri:0, instance:testlayer.Your_Account_Test@50eac852]" started-at="2022-11-30T23:24:55 EST" name="TC50_Buy_again" finished-at="2022-11-30T23:24:57 EST" duration-ms="1803" status="PASS">
          <reporter-output>
          </reporter-output>
        </test-method> <!-- TC50_Buy_again -->
        <test-method is-config="true" signature="screenshots()[pri:0, instance:testlayer.Your_Account_Test@50eac852]" started-at="2022-11-30T23:24:57 EST" name="screenshots" finished-at="2022-11-30T23:24:57 EST" duration-ms="199" status="PASS">
          <reporter-output>
          </reporter-output>
        </test-method> <!-- screenshots -->
        <test-method is-config="true" signature="refresh()[pri:0, instance:testlayer.Your_Account_Test@50eac852]" started-at="2022-11-30T23:24:57 EST" name="refresh" finished-at="2022-11-30T23:24:57 EST" duration-ms="137" status="PASS">
          <reporter-output>
          </reporter-output>
        </test-method> <!-- refresh -->
        <test-method signature="TC51_Cancelled_Orders()[pri:0, instance:testlayer.Your_Account_Test@50eac852]" started-at="2022-11-30T23:24:57 EST" name="TC51_Cancelled_Orders" finished-at="2022-11-30T23:24:59 EST" duration-ms="1641" status="PASS">
          <reporter-output>
          </reporter-output>
        </test-method> <!-- TC51_Cancelled_Orders -->
        <test-method is-config="true" signature="screenshots()[pri:0, instance:testlayer.Your_Account_Test@50eac852]" started-at="2022-11-30T23:24:59 EST" name="screenshots" finished-at="2022-11-30T23:24:59 EST" duration-ms="155" status="PASS">
          <reporter-output>
          </reporter-output>
        </test-method> <!-- screenshots -->
        <test-method is-config="true" signature="close()[pri:0, instance:testlayer.Your_Account_Test@50eac852]" started-at="2022-11-30T23:24:59 EST" name="close" finished-at="2022-11-30T23:25:18 EST" duration-ms="19016" status="PASS">
          <reporter-output>
          </reporter-output>
        </test-method> <!-- close -->
      </class> <!-- testlayer.Your_Account_Test -->
    </test> <!-- Default test -->
  </suite> <!-- Default suite -->
</testng-results>
